# stats: dump at 1638001976
stats: users 0 1
stats: {load,"tsung_controller@ip-172-31-51-184"} 1 0.0 0 0.0 0.0 0 0
stats: {cpu,"tsung_controller@ip-172-31-51-184"} 1 0.9465126198605159 0 0.9465126198605159 0.9465126198605159 0 0
stats: {freemem,"tsung_controller@ip-172-31-51-184"} 1 699.04296875 0 699.04296875 699.04296875 0 0
stats: session 7 64.7587142857143 45.52837149268038 161.954 22.933 0 0
stats: users_count 7 7
stats: finish_users_count 7 7
stats: 200 7 7
stats: request 7 62.307999999999986 45.266906464404464 159.982 21.049 0 0
stats: size_rcv 94636 94636
stats: newphase 1 1
stats: connect 7 2.176714285714285 1.9286016188113164 6.885 1.223 0 0
stats: size_sent 742 742
stats: connected 0 0
stats: page 7 62.307999999999986 45.266906464404464 159.982 21.049 0 0
# stats: dump at 1638001986
stats: users 0 3
stats: {load,"tsung_controller@ip-172-31-51-184"} 1 0.0 0.0 0.0 0.0 0.0 1
stats: {cpu,"tsung_controller@ip-172-31-51-184"} 1 0.24987506246876562 0.0 0.9465126198605159 0.24987506246876562 0.9465126198605159 1
stats: {freemem,"tsung_controller@ip-172-31-51-184"} 1 699.9921875 0.0 699.9921875 699.04296875 699.04296875 1
stats: session 41 45.23734146341465 39.804330008123465 221.347 21.711 64.7587142857143 7
stats: users_count 41 48
stats: finish_users_count 41 48
stats: request 37 43.990594594594604 41.44366993784125 219.363 19.745 62.307999999999986 7
stats: connect 37 1.2904864864864867 0.17453561885706131 6.885 1.059 2.176714285714285 7
stats: page 37 43.990594594594604 41.44366993784125 219.363 19.745 62.307999999999986 7
stats: 200 37 44
stats: size_rcv 509358 603994
stats: newphase 2 3
stats: size_sent 3922 4664
stats: connected 0 0
# stats: dump at 1638001996
stats: users 2 4
stats: {load,"tsung_controller@ip-172-31-51-184"} 1 0.0 0.0 0.0 0.0 0.0 2
stats: {cpu,"tsung_controller@ip-172-31-51-184"} 1 0.3494757863205192 0.0 0.9465126198605159 0.24987506246876562 0.5981938411646408 2
stats: {freemem,"tsung_controller@ip-172-31-51-184"} 1 700.33203125 0.0 700.33203125 699.04296875 699.517578125 2
stats: session 151 29.838013245033107 12.19537298913795 221.347 21.11 48.08420833333335 48
stats: users_count 153 201
stats: finish_users_count 151 199
stats: request 146 27.99492465753425 12.521557151888986 219.363 19.121 46.90472727272727 44
stats: connect 147 1.3113809523809523 0.4686983035741036 6.885 0.952 1.4314772727272727 44
stats: page 146 27.99492465753425 12.521557151888986 219.363 19.121 46.90472727272727 44
stats: 200 146 190
stats: size_rcv 1987550 2591544
stats: newphase 2 5
stats: size_sent 15582 20246
stats: connected 1 1
# stats: dump at 1638002006
stats: users 2 16
stats: {load,"tsung_controller@ip-172-31-51-184"} 1 0.0 0.0 0.0 0.0 0.0 3
stats: {cpu,"tsung_controller@ip-172-31-51-184"} 1 0.7007007007007007 0.0 0.9465126198605159 0.24987506246876562 0.5152878228832669 3
stats: {freemem,"tsung_controller@ip-172-31-51-184"} 1 700.56640625 0.0 700.56640625 699.04296875 699.7890625 3
stats: session 689 30.086164005805536 19.735010703703182 245.8 19.726 34.239105527638195 199
stats: users_count 689 890
stats: finish_users_count 689 888
stats: request 633 28.554770932069566 20.445346097782558 243.827 18.26 32.37403684210527 190
stats: 200 633 823
stats: connect 635 1.2124267716535437 0.4632983925540007 6.885 0.832 1.339047120418848 191
stats: size_rcv 8654932 11246476
stats: newphase 2 7
stats: page 633 28.554770932069566 20.445346097782558 243.827 18.26 32.37403684210527 190
stats: size_sent 67310 87556
stats: connected 2 3
# stats: dump at 1638002016
stats: users 391 393
stats: {load,"tsung_controller@ip-172-31-51-184"} 1 0.0 0.0 0.0 0.0 0.0 4
stats: {cpu,"tsung_controller@ip-172-31-51-184"} 1 3.7468354430379747 0.0 3.7468354430379747 0.24987506246876562 0.5616410423376254 4
stats: {freemem,"tsung_controller@ip-172-31-51-184"} 1 697.875 0.0 700.56640625 697.875 699.9833984375 4
stats: session 2230 161.54864529147994 225.23728271031558 992.862 19.229 31.016834459459478 888
stats: users_count 2619 3509
stats: finish_users_count 2230 3118
stats: connect 2498 1.1820804643714946 0.7084158368705544 19.04 0.697 1.241705811138015 826
stats: request 2173 121.78936907501148 173.68876859619348 796.001 17.366 29.436496962332974 823
stats: page 2173 121.78936907501148 173.68876859619348 796.001 17.366 29.436496962332974 823
stats: 200 2174 2997
stats: size_rcv 29788922 41035398
stats: newphase 2 9
stats: size_sent 264788 352344
stats: connected 325 328
# stats: dump at 1638002025
stats: users 0 588
stats: {load,"tsung_controller@ip-172-31-51-184"} 1 0.16015625 0.0 0.16015625 0.0 0.0 5
stats: {cpu,"tsung_controller@ip-172-31-51-184"} 1 11.995696611081225 0.0 11.995696611081225 0.24987506246876562 1.1986799224776952 5
stats: {freemem,"tsung_controller@ip-172-31-51-184"} 1 677.9453125 0.0 700.56640625 677.9453125 699.56171875 5
stats: session 1887 1174.075464228934 721.3523174592667 2058.281 3.387 124.37345349583076 3118
stats: users_count 1496 5005
stats: finish_users_count 1887 5005
stats: connect 1681 1.1348732897085074 0.9593388890851176 19.69 0.697 1.1968971119133556 3324
stats: page 2009 1147.0696565455428 706.6208991971573 2056.309 1.915 96.42007209612815 2996
stats: request 2009 1147.0696565455428 706.6208991971573 2056.309 1.915 96.42007209612815 2996
stats: 200 1564 4561
stats: size_rcv 21747929 62783327
stats: newphase 0 9
stats: 502 444 444
stats: size_sent 178186 530530
stats: connected -328 0
EndMonitor:{1638,2025,306720}
