
=INFO REPORT==== 27-Nov-2021::08:32:46 ===
    ts_config_server:(5:<0.127.0>) Config server started, logdir is "/home/ec2-user/.tsung/log/20211127-0832"
 
=INFO REPORT==== 27-Nov-2021::08:32:46 ===
              ts_mon:(5:<0.110.0>) starting monitor, global 

=INFO REPORT==== 27-Nov-2021::08:32:46 ===
           ts_config:(5:<0.127.0>) Reading config file: unauthenticated_user_get_tweets_flow.xml

=INFO REPORT==== 27-Nov-2021::08:32:46 ===
           ts_config:(5:<0.127.0>) Session name for id 1 is "unauthenticated_user_tweets"

=INFO REPORT==== 27-Nov-2021::08:32:46 ===
    ts_config_server:(4:<0.127.0>) SYSINFO:Tsung version: 1.7.0

=INFO REPORT==== 27-Nov-2021::08:32:46 ===
    ts_config_server:(4:<0.127.0>) SYSINFO:Erlang version: Erlang/OTP 22 [erts-10.6] [source] [64-bit] [smp:2:2] [ds:2:2:10] [async-threads:8] [hipe]


=INFO REPORT==== 27-Nov-2021::08:32:46 ===
    ts_config_server:(4:<0.127.0>) SYSINFO:System architecture x86_64-redhat-linux-gnu

=INFO REPORT==== 27-Nov-2021::08:32:46 ===
    ts_config_server:(4:<0.127.0>) SYSINFO:Current path: /usr/lib/tsung/tsung-1.7.0/ebin/tsung.beam

=INFO REPORT==== 27-Nov-2021::08:32:46 ===
              ts_mon:(5:<0.128.0>) Activate clients with text backend

=INFO REPORT==== 27-Nov-2021::08:32:46 ===
              ts_mon:(5:<0.128.0>) Starting tsung clients on hosts: [localhost]

=INFO REPORT==== 27-Nov-2021::08:32:46 ===
    ts_config_server:(5:<0.127.0>) Start a launcher on the controller beam localhost

=INFO REPORT==== 27-Nov-2021::08:32:46 ===
  ts_launcher_static:(5:<0.181.0>) Launch msg receive ("localhost")

=INFO REPORT==== 27-Nov-2021::08:32:46 ===
         ts_launcher:(5:<0.182.0>) Launch msg receive ("localhost")

=INFO REPORT==== 27-Nov-2021::08:32:46 ===
    ts_config_server:(5:<0.127.0>) New arrival phase 1 for client "localhost" (last ? true): will start 5 users

=INFO REPORT==== 27-Nov-2021::08:32:46 ===
    ts_config_server:(5:<0.127.0>) New arrival phase 2 for client "localhost" (last ? true): will start 10 users

=INFO REPORT==== 27-Nov-2021::08:32:46 ===
    ts_config_server:(5:<0.127.0>) New arrival phase 3 for client "localhost" (last ? true): will start 20 users

=INFO REPORT==== 27-Nov-2021::08:32:46 ===
    ts_config_server:(5:<0.127.0>) New arrival phase 4 for client "localhost" (last ? true): will start 40 users

=INFO REPORT==== 27-Nov-2021::08:32:46 ===
    ts_config_server:(5:<0.127.0>) New arrival phase 5 for client "localhost" (last ? true): will start 80 users

=INFO REPORT==== 27-Nov-2021::08:32:46 ===
    ts_config_server:(5:<0.127.0>) New arrival phase 6 for client "localhost" (last ? true): will start 160 users

=INFO REPORT==== 27-Nov-2021::08:32:46 ===
    ts_config_server:(5:<0.127.0>) New arrival phase 7 for client "localhost" (last ? true): will start 320 users

=INFO REPORT==== 27-Nov-2021::08:32:46 ===
    ts_config_server:(5:<0.127.0>) New arrival phase 8 for client "localhost" (last ? true): will start 640 users

=INFO REPORT==== 27-Nov-2021::08:32:46 ===
    ts_config_server:(5:<0.127.0>) New arrival phase 9 for client "localhost" (last ? true): will start 1280 users

=INFO REPORT==== 27-Nov-2021::08:32:46 ===
    ts_config_server:(5:<0.127.0>) New arrival phase 10 for client "localhost" (last ? true): will start 2560 users

=INFO REPORT==== 27-Nov-2021::08:32:46 ===
         ts_launcher:(5:<0.182.0>) Expected duration of first phase: 5.0 sec (5 users) 

=INFO REPORT==== 27-Nov-2021::08:32:47 ===
         ts_launcher:(5:<0.182.0>) Activate launcher (5 users) in 2522 msec 

=INFO REPORT==== 27-Nov-2021::08:32:51 ===
         ts_launcher:(4:<0.182.0>) Need to wait 2.57 sec before changing phase, going to sleep

=INFO REPORT==== 27-Nov-2021::08:32:54 ===
         ts_launcher:(5:<0.182.0>) Waking up

=INFO REPORT==== 27-Nov-2021::08:32:54 ===
         ts_launcher:(5:<0.182.0>) Start a new arrival phase (10 users, 0.002); expected duration=5.0 sec

=INFO REPORT==== 27-Nov-2021::08:32:59 ===
         ts_launcher:(5:<0.182.0>) Phase duration exceeded, but not all users were launched (5 users, 50.0% of phase)

=INFO REPORT==== 27-Nov-2021::08:32:59 ===
         ts_launcher:(5:<0.182.0>) Start a new arrival phase (20 users, 0.004); expected duration=5.0 sec

=INFO REPORT==== 27-Nov-2021::08:33:04 ===
         ts_launcher:(5:<0.182.0>) Phase duration exceeded, but not all users were launched (1 users, 5.0% of phase)

=INFO REPORT==== 27-Nov-2021::08:33:04 ===
         ts_launcher:(5:<0.182.0>) Start a new arrival phase (40 users, 0.008); expected duration=5.0 sec

=INFO REPORT==== 27-Nov-2021::08:33:09 ===
         ts_launcher:(5:<0.182.0>) Phase duration exceeded, but not all users were launched (1 users, 2.5% of phase)

=INFO REPORT==== 27-Nov-2021::08:33:09 ===
         ts_launcher:(5:<0.182.0>) Start a new arrival phase (80 users, 0.016); expected duration=5.0 sec

=INFO REPORT==== 27-Nov-2021::08:33:14 ===
         ts_launcher:(5:<0.182.0>) Phase duration exceeded, but not all users were launched (7 users, 8.8% of phase)

=INFO REPORT==== 27-Nov-2021::08:33:14 ===
         ts_launcher:(5:<0.182.0>) Start a new arrival phase (160 users, 0.032); expected duration=5.0 sec

=INFO REPORT==== 27-Nov-2021::08:33:19 ===
         ts_launcher:(4:<0.182.0>) Need to wait 0.278 sec before changing phase, going to sleep

=INFO REPORT==== 27-Nov-2021::08:33:19 ===
         ts_launcher:(5:<0.182.0>) Waking up

=INFO REPORT==== 27-Nov-2021::08:33:19 ===
         ts_launcher:(5:<0.182.0>) Start a new arrival phase (320 users, 0.064); expected duration=5.0 sec

=INFO REPORT==== 27-Nov-2021::08:33:24 ===
         ts_launcher:(5:<0.182.0>) Phase duration exceeded, but not all users were launched (17 users, 5.3% of phase)

=INFO REPORT==== 27-Nov-2021::08:33:24 ===
         ts_launcher:(5:<0.182.0>) Start a new arrival phase (640 users, 0.128); expected duration=5.0 sec

=INFO REPORT==== 27-Nov-2021::08:33:29 ===
         ts_launcher:(4:<0.182.0>) Need to wait 0.04 sec before changing phase, going to sleep

=INFO REPORT==== 27-Nov-2021::08:33:29 ===
         ts_launcher:(5:<0.182.0>) Waking up

=INFO REPORT==== 27-Nov-2021::08:33:29 ===
         ts_launcher:(5:<0.182.0>) Start a new arrival phase (1280 users, 0.256); expected duration=5.0 sec

=INFO REPORT==== 27-Nov-2021::08:33:34 ===
         ts_launcher:(5:<0.182.0>) Phase duration exceeded, but not all users were launched (51 users, 4.0% of phase)

=INFO REPORT==== 27-Nov-2021::08:33:34 ===
         ts_launcher:(5:<0.182.0>) Start a new arrival phase (2560 users, 0.512); expected duration=5.0 sec

=INFO REPORT==== 27-Nov-2021::08:33:39 ===
         ts_launcher:(5:<0.182.0>) Phase duration exceeded, but not all users were launched (28 users, 1.1% of phase)

=INFO REPORT==== 27-Nov-2021::08:33:39 ===
         ts_launcher:(5:<0.182.0>) This was the last phase, wait for connected users to finish their session

=INFO REPORT==== 27-Nov-2021::08:33:44 ===
     ts_launcher_mgr:(5:<0.175.0>) No more active users 'tsung_controller@ip-172-31-51-184' "3309"
