# stats: dump at 1638000874
stats: users 0 1
stats: {load,"tsung_controller@ip-172-31-51-184"} 1 0.0 0 0.0 0.0 0 0
stats: {cpu,"tsung_controller@ip-172-31-51-184"} 1 1.429060467432235 0 1.429060467432235 1.429060467432235 0 0
stats: {freemem,"tsung_controller@ip-172-31-51-184"} 1 698.9375 0 698.9375 698.9375 0 0
stats: session 9 29.052999999999997 7.6088307613953114 46.742 22.882 0 0
stats: users_count 9 9
stats: finish_users_count 9 9
stats: request 8 27.144875 6.766544676522503 40.457 20.937 0 0
stats: page 8 27.144875 6.766544676522503 40.457 20.937 0 0
stats: connect 8 2.5399999999999996 3.082614718059978 10.689 1.268 0 0
stats: 200 8 8
stats: size_rcv 110467 110467
stats: newphase 1 1
stats: size_sent 848 848
stats: connected 0 0
# stats: dump at 1638000884
stats: users 0 2
stats: {load,"tsung_controller@ip-172-31-51-184"} 1 0.0 0.0 0.0 0.0 0.0 1
stats: {cpu,"tsung_controller@ip-172-31-51-184"} 1 0.3996003996003996 0.0 1.429060467432235 0.3996003996003996 1.429060467432235 1
stats: {freemem,"tsung_controller@ip-172-31-51-184"} 1 700.27734375 0.0 700.27734375 698.9375 698.9375 1
stats: session 42 28.863428571428575 7.163040782021134 60.23 22.035 29.052999999999997 9
stats: users_count 42 51
stats: finish_users_count 42 51
stats: request 42 26.969976190476196 7.154781120368777 58.336 20.146 27.144875 8
stats: connect 42 1.5256190476190479 0.8454422047319083 10.689 1.087 2.5399999999999996 8
stats: page 42 26.969976190476196 7.154781120368777 58.336 20.146 27.144875 8
stats: 200 42 50
stats: size_rcv 578167 688634
stats: newphase 2 3
stats: size_sent 4452 5300
stats: connected 0 0
# stats: dump at 1638000894
stats: users 2 6
stats: {load,"tsung_controller@ip-172-31-51-184"} 1 0.0 0.0 0.0 0.0 0.0 2
stats: {cpu,"tsung_controller@ip-172-31-51-184"} 1 0.2506265664160401 0.0 1.429060467432235 0.2506265664160401 0.9143304335163173 2
stats: {freemem,"tsung_controller@ip-172-31-51-184"} 1 700.30078125 0.0 700.30078125 698.9375 699.607421875 2
stats: session 173 30.438369942196545 13.536449584955166 103.374 20.957 28.896882352941176 51
stats: users_count 175 226
stats: finish_users_count 173 224
stats: request 158 28.03108860759494 13.351287734024222 101.342 19.218 26.997960000000003 50
stats: connect 161 1.301621118012423 0.4535748268248414 10.689 0.913 1.68792 50
stats: page 158 28.03108860759494 13.351287734024222 101.342 19.218 26.997960000000003 50
stats: 200 158 208
stats: size_rcv 2149716 2838350
stats: newphase 2 5
stats: size_sent 17066 22366
stats: connected 3 3
# stats: dump at 1638000904
stats: users 7 88
stats: {load,"tsung_controller@ip-172-31-51-184"} 1 0.0 0.0 0.0 0.0 0.0 3
stats: {cpu,"tsung_controller@ip-172-31-51-184"} 1 1.1517275913870806 0.0 1.429060467432235 0.2506265664160401 0.6930958111495582 3
stats: {freemem,"tsung_controller@ip-172-31-51-184"} 1 699.4609375 0.0 700.30078125 698.9375 699.8385416666666 3
stats: session 665 201.25472781954895 250.048637889294 1282.024 19.264 30.08740625000001 224
stats: users_count 670 896
stats: finish_users_count 665 889
stats: connect 637 1.2771334379905792 0.4785447682548935 10.689 0.763 1.3931611374407589 211
stats: page 633 206.92675355450237 253.75142920298092 1280.066 17.846 27.782740384615387 208
stats: request 633 206.92675355450237 253.75142920298092 1280.066 17.846 27.782740384615387 208
stats: 200 633 841
stats: size_rcv 8674113 11512463
stats: newphase 2 7
stats: size_sent 67522 89888
stats: connected 4 7
# stats: dump at 1638000914
stats: users 385 398
stats: {load,"tsung_controller@ip-172-31-51-184"} 1 0.0 0.0 0.0 0.0 0.0 4
stats: {cpu,"tsung_controller@ip-172-31-51-184"} 1 3.949367088607595 0.0 3.949367088607595 0.2506265664160401 0.8077537562089387 4
stats: {freemem,"tsung_controller@ip-172-31-51-184"} 1 696.3984375 0.0 700.30078125 696.3984375 699.744140625 4
stats: session 2337 525.944755241764 533.1519924658683 1910.004 3.327 158.12595388076497 889
stats: users_count 2715 3611
stats: finish_users_count 2337 3226
stats: request 2161 503.2632600647841 486.9566672232798 1710.652 1.903 162.62002972651607 841
stats: connect 2543 1.1962772316161994 0.7407701382877745 15.57 0.643 1.3060035377358479 848
stats: page 2161 503.2632600647841 486.9566672232798 1710.652 1.903 162.62002972651607 841
stats: 200 1756 2597
stats: size_rcv 24391007 35903470
stats: newphase 2 9
stats: 502 405 405
stats: size_sent 269558 359446
stats: connected 382 389
# stats: dump at 1638000922
stats: users 0 398
stats: {load,"tsung_controller@ip-172-31-51-184"} 1 0.0 0.0 0.0 0.0 0.0 5
stats: {cpu,"tsung_controller@ip-172-31-51-184"} 1 10.55495103373232 0.0 10.55495103373232 0.2506265664160401 1.4360764226886702 5
stats: {freemem,"tsung_controller@ip-172-31-51-184"} 1 680.87109375 0.0 700.30078125 680.87109375 699.075 5
stats: session 1666 1059.296569027613 941.8477150896013 2135.097 3.327 424.5836534407943 3226
stats: users_count 1281 4892
stats: finish_users_count 1666 4892
stats: page 1890 1005.5290915343904 941.5638884899458 2133.228 1.849 407.83322784810076 3002
stats: request 1890 1005.5290915343904 941.5638884899458 2133.228 1.849 407.83322784810076 3002
stats: connect 1501 1.0987808127914738 0.42204973080758573 15.57 0.643 1.2237168976703021 3391
stats: 200 1006 3603
stats: size_rcv 14213675 50117145
stats: newphase 0 9
stats: 502 884 1289
stats: size_sent 159106 518552
stats: connected -389 0
EndMonitor:{1638,922,643098}
