
=INFO REPORT==== 27-Nov-2021::08:05:58 ===
    ts_config_server:(5:<0.127.0>) Config server started, logdir is "/home/ec2-user/.tsung/log/20211127-0805"
 
=INFO REPORT==== 27-Nov-2021::08:05:58 ===
              ts_mon:(5:<0.110.0>) starting monitor, global 

=INFO REPORT==== 27-Nov-2021::08:05:58 ===
           ts_config:(5:<0.127.0>) Reading config file: unauthenticated_user_get_tweets_flow.xml

=INFO REPORT==== 27-Nov-2021::08:05:58 ===
           ts_config:(5:<0.127.0>) Session name for id 1 is "unauthenticated_user_tweets"

=INFO REPORT==== 27-Nov-2021::08:05:58 ===
    ts_config_server:(4:<0.127.0>) SYSINFO:Tsung version: 1.7.0

=INFO REPORT==== 27-Nov-2021::08:05:58 ===
    ts_config_server:(4:<0.127.0>) SYSINFO:Erlang version: Erlang/OTP 22 [erts-10.6] [source] [64-bit] [smp:2:2] [ds:2:2:10] [async-threads:8] [hipe]


=INFO REPORT==== 27-Nov-2021::08:05:58 ===
    ts_config_server:(4:<0.127.0>) SYSINFO:System architecture x86_64-redhat-linux-gnu

=INFO REPORT==== 27-Nov-2021::08:05:58 ===
    ts_config_server:(4:<0.127.0>) SYSINFO:Current path: /usr/lib/tsung/tsung-1.7.0/ebin/tsung.beam

=INFO REPORT==== 27-Nov-2021::08:05:58 ===
              ts_mon:(5:<0.128.0>) Activate clients with text backend

=INFO REPORT==== 27-Nov-2021::08:05:58 ===
              ts_mon:(5:<0.128.0>) Starting tsung clients on hosts: [localhost]

=INFO REPORT==== 27-Nov-2021::08:05:58 ===
    ts_config_server:(5:<0.127.0>) Start a launcher on the controller beam localhost

=INFO REPORT==== 27-Nov-2021::08:05:58 ===
  ts_launcher_static:(5:<0.181.0>) Launch msg receive ("localhost")

=INFO REPORT==== 27-Nov-2021::08:05:58 ===
         ts_launcher:(5:<0.182.0>) Launch msg receive ("localhost")

=INFO REPORT==== 27-Nov-2021::08:05:58 ===
    ts_config_server:(5:<0.127.0>) New arrival phase 1 for client "localhost" (last ? true): will start 5 users

=INFO REPORT==== 27-Nov-2021::08:05:58 ===
    ts_config_server:(5:<0.127.0>) New arrival phase 2 for client "localhost" (last ? true): will start 10 users

=INFO REPORT==== 27-Nov-2021::08:05:58 ===
    ts_config_server:(5:<0.127.0>) New arrival phase 3 for client "localhost" (last ? true): will start 20 users

=INFO REPORT==== 27-Nov-2021::08:05:58 ===
    ts_config_server:(5:<0.127.0>) New arrival phase 4 for client "localhost" (last ? true): will start 40 users

=INFO REPORT==== 27-Nov-2021::08:05:58 ===
    ts_config_server:(5:<0.127.0>) New arrival phase 5 for client "localhost" (last ? true): will start 80 users

=INFO REPORT==== 27-Nov-2021::08:05:58 ===
    ts_config_server:(5:<0.127.0>) New arrival phase 6 for client "localhost" (last ? true): will start 160 users

=INFO REPORT==== 27-Nov-2021::08:05:58 ===
    ts_config_server:(5:<0.127.0>) New arrival phase 7 for client "localhost" (last ? true): will start 320 users

=INFO REPORT==== 27-Nov-2021::08:05:58 ===
    ts_config_server:(5:<0.127.0>) New arrival phase 8 for client "localhost" (last ? true): will start 640 users

=INFO REPORT==== 27-Nov-2021::08:05:58 ===
    ts_config_server:(5:<0.127.0>) New arrival phase 9 for client "localhost" (last ? true): will start 1280 users

=INFO REPORT==== 27-Nov-2021::08:05:58 ===
    ts_config_server:(5:<0.127.0>) New arrival phase 10 for client "localhost" (last ? true): will start 2560 users

=INFO REPORT==== 27-Nov-2021::08:05:58 ===
         ts_launcher:(5:<0.182.0>) Expected duration of first phase: 5.0 sec (5 users) 

=INFO REPORT==== 27-Nov-2021::08:05:58 ===
         ts_launcher:(5:<0.182.0>) Activate launcher (5 users) in 2509 msec 

=INFO REPORT==== 27-Nov-2021::08:06:05 ===
         ts_launcher:(4:<0.182.0>) Need to wait 0.116 sec before changing phase, going to sleep

=INFO REPORT==== 27-Nov-2021::08:06:05 ===
         ts_launcher:(5:<0.182.0>) Waking up

=INFO REPORT==== 27-Nov-2021::08:06:05 ===
         ts_launcher:(5:<0.182.0>) Start a new arrival phase (10 users, 0.002); expected duration=5.0 sec

=INFO REPORT==== 27-Nov-2021::08:06:09 ===
         ts_launcher:(4:<0.182.0>) Need to wait 0.326 sec before changing phase, going to sleep

=INFO REPORT==== 27-Nov-2021::08:06:10 ===
         ts_launcher:(5:<0.182.0>) Waking up

=INFO REPORT==== 27-Nov-2021::08:06:10 ===
         ts_launcher:(5:<0.182.0>) Start a new arrival phase (20 users, 0.004); expected duration=5.0 sec

=INFO REPORT==== 27-Nov-2021::08:06:15 ===
         ts_launcher:(5:<0.182.0>) Phase duration exceeded, but not all users were launched (7 users, 35.0% of phase)

=INFO REPORT==== 27-Nov-2021::08:06:15 ===
         ts_launcher:(5:<0.182.0>) Start a new arrival phase (40 users, 0.008); expected duration=5.0 sec

=INFO REPORT==== 27-Nov-2021::08:06:20 ===
         ts_launcher:(4:<0.182.0>) Need to wait 0.135 sec before changing phase, going to sleep

=INFO REPORT==== 27-Nov-2021::08:06:20 ===
         ts_launcher:(5:<0.182.0>) Waking up

=INFO REPORT==== 27-Nov-2021::08:06:20 ===
         ts_launcher:(5:<0.182.0>) Start a new arrival phase (80 users, 0.016); expected duration=5.0 sec

=INFO REPORT==== 27-Nov-2021::08:06:25 ===
         ts_launcher:(5:<0.182.0>) Phase duration exceeded, but not all users were launched (16 users, 20.0% of phase)

=INFO REPORT==== 27-Nov-2021::08:06:25 ===
         ts_launcher:(5:<0.182.0>) Start a new arrival phase (160 users, 0.032); expected duration=5.0 sec

=INFO REPORT==== 27-Nov-2021::08:06:30 ===
         ts_launcher:(5:<0.182.0>) Phase duration exceeded, but not all users were launched (12 users, 7.5% of phase)

=INFO REPORT==== 27-Nov-2021::08:06:30 ===
         ts_launcher:(5:<0.182.0>) Start a new arrival phase (320 users, 0.064); expected duration=5.0 sec

=INFO REPORT==== 27-Nov-2021::08:06:35 ===
         ts_launcher:(5:<0.182.0>) Phase duration exceeded, but not all users were launched (2 users, 0.6% of phase)

=INFO REPORT==== 27-Nov-2021::08:06:35 ===
         ts_launcher:(5:<0.182.0>) Start a new arrival phase (640 users, 0.128); expected duration=5.0 sec

=INFO REPORT==== 27-Nov-2021::08:06:40 ===
         ts_launcher:(5:<0.182.0>) Phase duration exceeded, but not all users were launched (6 users, 0.9% of phase)

=INFO REPORT==== 27-Nov-2021::08:06:40 ===
         ts_launcher:(5:<0.182.0>) Start a new arrival phase (1280 users, 0.256); expected duration=5.0 sec

=INFO REPORT==== 27-Nov-2021::08:06:45 ===
         ts_launcher:(5:<0.182.0>) Phase duration exceeded, but not all users were launched (12 users, 0.9% of phase)

=INFO REPORT==== 27-Nov-2021::08:06:45 ===
         ts_launcher:(5:<0.182.0>) Start a new arrival phase (2560 users, 0.512); expected duration=5.0 sec

=INFO REPORT==== 27-Nov-2021::08:06:50 ===
         ts_launcher:(5:<0.182.0>) Phase duration exceeded, but not all users were launched (27 users, 1.1% of phase)

=INFO REPORT==== 27-Nov-2021::08:06:50 ===
         ts_launcher:(5:<0.182.0>) This was the last phase, wait for connected users to finish their session

=INFO REPORT==== 27-Nov-2021::08:06:55 ===
     ts_launcher_mgr:(5:<0.175.0>) No more active users 'tsung_controller@ip-172-31-51-184' "2873"
