# stats: dump at 1638000368
stats: users 0 2
stats: {load,"tsung_controller@ip-172-31-51-184"} 1 0.0 0 0.0 0.0 0 0
stats: {cpu,"tsung_controller@ip-172-31-51-184"} 1 1.2617003347833018 0 1.2617003347833018 1.2617003347833018 0 0
stats: {freemem,"tsung_controller@ip-172-31-51-184"} 1 699.01171875 0 699.01171875 699.01171875 0 0
stats: session 12 47.10541666666666 25.39594002807776 109.257 25.162 0 0
stats: users_count 12 12
stats: finish_users_count 12 12
stats: request 11 46.790090909090914 24.946386892528857 103.923 23.226 0 0
stats: page 11 46.790090909090914 24.946386892528857 103.923 23.226 0 0
stats: 200 11 11
stats: connect 11 2.2102727272727276 1.6063346810170094 6.28 1.396 0 0
stats: size_rcv 154500 154500
stats: newphase 1 1
stats: size_sent 1166 1166
stats: connected 0 0
# stats: dump at 1638000378
stats: users 0 2
stats: {load,"tsung_controller@ip-172-31-51-184"} 1 0.0 0.0 0.0 0.0 0.0 1
stats: {cpu,"tsung_controller@ip-172-31-51-184"} 1 0.5486284289276808 0.0 1.2617003347833018 0.5486284289276808 1.2617003347833018 1
stats: {freemem,"tsung_controller@ip-172-31-51-184"} 1 700.8046875 0.0 700.8046875 699.01171875 699.01171875 1
stats: session 32 28.32084375 4.432808182386865 109.257 23.401 47.10541666666666 12
stats: users_count 32 44
stats: finish_users_count 32 44
stats: request 28 26.66342857142857 4.549373146996435 103.923 22.124 46.790090909090914 11
stats: connect 29 1.8010344827586207 1.2404493480258818 8.078 1.262 2.2102727272727276 11
stats: page 28 26.66342857142857 4.549373146996435 103.923 22.124 46.790090909090914 11
stats: 200 28 39
stats: size_rcv 399298 553798
stats: newphase 2 3
stats: size_sent 3074 4240
stats: connected 1 1
# stats: dump at 1638000388
stats: users 0 4
stats: {load,"tsung_controller@ip-172-31-51-184"} 1 0.0 0.0 0.0 0.0 0.0 2
stats: {cpu,"tsung_controller@ip-172-31-51-184"} 1 0.6483790523690772 0.0 1.2617003347833018 0.5486284289276808 0.9051643818554913 2
stats: {freemem,"tsung_controller@ip-172-31-51-184"} 1 699.89453125 0.0 700.8046875 699.01171875 699.908203125 2
stats: session 158 32.25781645569623 13.386328142444345 109.257 22.801 33.443909090909095 44
stats: users_count 158 202
stats: finish_users_count 158 202
stats: request 142 30.846274647887306 13.951426957733139 103.923 20.939 32.34017948717949 39
stats: connect 143 1.4343286713286714 0.4493748381051289 8.078 1.063 1.9135750000000002 40
stats: page 142 30.846274647887306 13.951426957733139 103.923 20.939 32.34017948717949 39
stats: 200 142 181
stats: size_rcv 2045434 2599232
stats: newphase 2 5
stats: size_sent 15158 19398
stats: connected 1 2
# stats: dump at 1638000398
stats: users 100 103
stats: {load,"tsung_controller@ip-172-31-51-184"} 1 0.0 0.0 0.0 0.0 0.0 3
stats: {cpu,"tsung_controller@ip-172-31-51-184"} 1 2.319842053307009 0.0 2.319842053307009 0.5486284289276808 0.8195692720266866 3
stats: {freemem,"tsung_controller@ip-172-31-51-184"} 1 699.57421875 0.0 700.8046875 699.01171875 699.9036458333334 3
stats: session 634 179.95075394321782 201.9846891391908 733.536 21.964 32.51617326732676 202
stats: users_count 734 936
stats: finish_users_count 634 836
stats: page 612 141.984748366013 167.60378628610977 647.216 20.087 31.16816574585634 181
stats: 200 612 793
stats: request 612 141.984748366013 167.60378628610977 647.216 20.087 31.16816574585634 181
stats: size_rcv 8712379 11311611
stats: newphase 2 7
stats: connect 688 1.720543604651163 2.7169216128597116 45.934 0.983 1.539081967213115 183
stats: size_sent 72928 92326
stats: connected 76 78
# stats: dump at 1638000408
stats: users 197 206
stats: {load,"tsung_controller@ip-172-31-51-184"} 1 0.0 0.0 0.0 0.0 0.0 4
stats: {cpu,"tsung_controller@ip-172-31-51-184"} 1 8.63961813842482 0.0 8.63961813842482 0.5486284289276808 1.1946374673467672 4
stats: {freemem,"tsung_controller@ip-172-31-51-184"} 1 693.3203125 0.0 700.8046875 693.3203125 699.8212890625 4
stats: session 2673 610.5524092779656 832.8827914950145 2148.49 3.74 144.32660885167476 836
stats: users_count 2770 3706
stats: finish_users_count 2673 3509
stats: request 2513 627.2728269001183 827.0465787836418 2146.497 2.344 116.69117780580069 793
stats: connect 2628 1.345129375951293 0.5565868883076459 45.934 0.919 1.6824179104477615 871
stats: page 2513 627.2728269001183 827.0465787836418 2146.497 2.344 116.69117780580069 793
stats: 200 978 1771
stats: size_rcv 14206632 25518243
stats: newphase 2 9
stats: 502 1535 1535
stats: size_sent 278568 370894
stats: connected 115 193
# stats: dump at 1638000416
stats: users 0 206
stats: {load,"tsung_controller@ip-172-31-51-184"} 1 0.23828125 0.0 0.23828125 0.0 0.0 5
stats: {cpu,"tsung_controller@ip-172-31-51-184"} 1 23.954545454545453 0.0 23.954545454545453 0.5486284289276808 2.683633601562378 5
stats: {freemem,"tsung_controller@ip-172-31-51-184"} 1 688.44921875 0.0 700.8046875 688.44921875 698.52109375 5
stats: session 1524 568.055239501313 881.1027756929028 2148.49 3.74 499.47666999145116 3509
stats: users_count 1327 5033
stats: finish_users_count 1524 5033
stats: connect 1534 1.2326284224250315 0.35356647984778933 45.934 0.839 1.4290900257216343 3499
stats: page 1727 544.0375396641583 872.0017552921299 2146.497 2.295 504.8011851179665 3306
stats: 200 480 2251
stats: request 1727 544.0375396641583 872.0017552921299 2146.497 2.295 504.8011851179665 3306
stats: size_rcv 7122117 32640360
stats: newphase 0 9
stats: 502 1247 2782
stats: size_sent 162604 533498
stats: connected -193 0
EndMonitor:{1638,416,336581}
