# stats: dump at 1637875510
stats: users 0 2
stats: {load,"tsung_controller@ip-172-31-56-141"} 1 0.0 0 0.0 0.0 0 0
stats: {cpu,"tsung_controller@ip-172-31-56-141"} 1 3.1473349485160504 0 3.1473349485160504 3.1473349485160504 0 0
stats: {freemem,"tsung_controller@ip-172-31-56-141"} 1 694.22265625 0 694.22265625 694.22265625 0 0
stats: session 4 1105.77775 805.7029217420571 2482.633 475.948 0 0
stats: users_count 4 4
stats: finish_users_count 4 4
stats: request 12 108.86391666666667 131.81904509810556 315.955 8.648 0 0
stats: connect 4 5.354750000000001 6.90357673148492 17.312 1.344 0 0
stats: tr_login 4 1103.7617500000001 805.7582929658172 2480.704 474.032 0 0
stats: page 8 163.35750000000002 149.47270400477808 340.864 8.648 0 0
stats: 302 4 4
stats: 200 8 8
stats: size_rcv 37592 37592
stats: newphase 1 1
stats: size_sent 5992 5992
stats: connected 0 0
# stats: dump at 1637875520
stats: users 8 9
stats: {load,"tsung_controller@ip-172-31-56-141"} 1 0.0 0.0 0.0 0.0 0.0 1
stats: {cpu,"tsung_controller@ip-172-31-56-141"} 1 0.34965034965034963 0.0 3.1473349485160504 0.34965034965034963 3.1473349485160504 1
stats: {freemem,"tsung_controller@ip-172-31-56-141"} 1 696.88671875 0.0 696.88671875 694.22265625 694.22265625 1
stats: session 21 1227.491666666667 647.5759271403243 2858.111 355.143 1105.77775 4
stats: users_count 29 33
stats: finish_users_count 21 25
stats: request 65 104.48975384615383 126.48646630663458 391.854 7.845 108.86391666666667 12
stats: connect 27 1.3823333333333332 0.21648761832698166 17.312 1.091 5.354750000000001 4
stats: page 46 147.68921739130434 180.78917344771855 665.121 7.845 163.35750000000002 8
stats: tr_login 19 1254.3027368421053 660.6520163865903 2856.245 353.129 1103.7617500000001 4
stats: 302 19 23
stats: 200 46 54
stats: size_rcv 210032 247624
stats: newphase 2 3
stats: size_sent 29904 35896
stats: connected 8 8
# stats: dump at 1637875530
stats: users 107 107
stats: {load,"tsung_controller@ip-172-31-56-141"} 1 0.0 0.0 0.0 0.0 0.0 2
stats: {cpu,"tsung_controller@ip-172-31-56-141"} 1 0.35052578868302453 0.0 3.1473349485160504 0.34965034965034963 1.7484926490832 2
stats: {freemem,"tsung_controller@ip-172-31-56-141"} 1 693.82421875 0.0 696.88671875 693.82421875 695.5546875 2
stats: session 45 4109.3116222222225 1919.68258134267 8913.448 355.143 1208.0174400000003 25
stats: users_count 144 177
stats: finish_users_count 45 70
stats: request 219 1046.7672602739726 1080.562982975958 6444.118 7.845 105.17144155844154 77
stats: connect 135 1.3051111111111102 0.24561091382032343 17.312 1.02 1.8949032258064515 31
stats: tr_login 47 3973.1928085106383 1985.2596438197245 8911.604 353.129 1228.121695652174 23
stats: page 157 1208.244630573249 1508.1252041820037 6735.023 7.845 150.01044444444446 54
stats: 302 62 85
stats: 200 158 212
stats: size_rcv 691590 939214
stats: newphase 2 5
stats: size_sent 136302 172198
stats: connected 88 96
# stats: dump at 1637875540
stats: users 276 284
stats: {load,"tsung_controller@ip-172-31-56-141"} 1 0.078125 0.0 0.078125 0.0 0.0 3
stats: {cpu,"tsung_controller@ip-172-31-56-141"} 1 2.0130850528434827 0.0 3.1473349485160504 0.34965034965034963 1.2825036956164748 3
stats: {freemem,"tsung_controller@ip-172-31-56-141"} 1 676.62890625 0.0 696.88671875 676.62890625 694.9778645833334 3
stats: session 378 3109.843455026459 3490.563145638836 13576.503 19.341 3073.135128571429 70
stats: users_count 547 724
stats: finish_users_count 378 448
stats: request 1158 980.610531088083 2016.432924818009 11974.438 0.641 801.8251047297297 296
stats: page 796 1188.8289949748732 2422.0050330871522 12971.209 1.373 937.4169241706167 211
stats: 302 71 156
stats: 200 182 394
stats: connect 508 1.3684330708661407 0.8422709398238027 17.312 0.963 1.415253012048192 166
stats: size_rcv 1063854 2003068
stats: tr_login 338 3211.301325443789 3487.5320152220493 13574.595 22.821 3071.2408714285716 70
stats: newphase 2 7
stats: 502 904 904
stats: size_sent 345665 517863
stats: connected 170 266
# stats: dump at 1637875550
stats: users 595 598
stats: {load,"tsung_controller@ip-172-31-56-141"} 1 0.140625 0.0 0.140625 0.0 0.01953125 4
stats: {cpu,"tsung_controller@ip-172-31-56-141"} 1 4.34560327198364 0.0 4.34560327198364 0.34965034965034963 1.4651490349232268 4
stats: {freemem,"tsung_controller@ip-172-31-56-141"} 1 665.08984375 0.0 696.88671875 665.08984375 690.390625 4
stats: session 1816 1809.6566029735682 3275.328844420579 23751.086 6.31 3104.1077790178606 448
stats: users_count 2135 2859
stats: finish_users_count 1816 2264
stats: connect 1996 1.299384769539077 0.8378219969932686 17.997 0.775 1.3799643916913937 674
stats: request 5446 304.24973062798546 1536.7713462593815 12087.489 0.635 944.2140481430537 1454
stats: page 3729 450.9487481898656 2101.193084238757 22105.948 1.34 1136.1498023833158 1007
stats: tr_login 1718 1865.7093422584403 3347.6125939372046 23749.194 4.293 3187.271345588237 408
stats: 302 68 224
stats: 200 146 540
stats: size_rcv 2297360 4300428
stats: newphase 2 9
stats: 502 5232 6136
stats: size_sent 1043371 1561234
stats: connected 278 544
# stats: dump at 1637875560
stats: users 195 717
stats: {load,"tsung_controller@ip-172-31-56-141"} 1 0.12109375 0.0 0.140625 0.0 0.04375 5
stats: {cpu,"tsung_controller@ip-172-31-56-141"} 1 21.251972645975805 0.0 21.251972645975805 0.34965034965034963 2.0412398823353093 5
stats: {freemem,"tsung_controller@ip-172-31-56-141"} 1 645.671875 0.0 696.88671875 645.671875 685.33046875 5
stats: session 2463 1724.151840438492 3064.5503110614177 26895.141 6.31 2065.8024187279157 2264
stats: users_count 2063 4922
stats: finish_users_count 2463 4727
stats: request 7523 234.7737115512428 1545.5915185835688 16958.532 0.631 439.10597956521866 6900
stats: connect 2252 1.142660301953818 0.4385290998013191 17.997 0.743 1.319725842696628 2670
stats: page 4898 335.648019395672 2014.0759132991982 22976.181 1.336 596.6407797719611 4736
stats: tr_login 2599 1680.1114359368987 2973.9292882557256 26769.352 4.293 2119.3298960489187 2126
stats: 302 73 297
stats: 200 98 638
stats: size_rcv 2793144 7093572
stats: newphase 0 9
stats: 502 7348 13484
stats: size_sent 1405704 2966938
stats: connected -347 197
stats: 500 4 4
# stats: dump at 1637875570
stats: users 152 717
stats: {load,"tsung_controller@ip-172-31-56-141"} 1 0.171875 0.0 0.171875 0.0 0.056640625 6
stats: {cpu,"tsung_controller@ip-172-31-56-141"} 1 15.074092999489014 0.0 21.251972645975805 0.34965034965034963 5.243028676275392 6
stats: {freemem,"tsung_controller@ip-172-31-56-141"} 1 666.96875 0.0 696.88671875 645.671875 678.720703125 6
stats: session 43 17106.290348837207 5873.198194003566 33983.993 6.31 1887.7856270361763 4727
stats: users_count 0 4922
stats: finish_users_count 43 4770
stats: request 123 12572.83962601626 1744.8318907977919 17255.219 0.631 332.5267899188801 14423
stats: connect 0 0 0 17.997 0.743 1.238711702559934 4922
stats: 302 63 360
stats: page 55 13662.822345454553 4869.401086987034 26830.866 1.336 463.9500448411884 9634
stats: tr_login 42 16672.251523809526 5353.41786040783 31902.826 4.293 1877.736503915344 4725
stats: 200 48 686
stats: size_rcv 498990 7592562
stats: newphase 0 9
stats: 502 0 13484
stats: size_sent 51889 3018827
stats: connected -42 155
stats: 500 12 16
# stats: dump at 1637875579
stats: users 0 717
stats: {load,"tsung_controller@ip-172-31-56-141"} 1 0.1484375 0.0 0.171875 0.0 0.07310267857142858 7
stats: {cpu,"tsung_controller@ip-172-31-56-141"} 1 0.6979062811565304 0.0 21.251972645975805 0.34965034965034963 6.647466436734481 7
stats: {freemem,"tsung_controller@ip-172-31-56-141"} 1 663.15234375 0.0 696.88671875 645.671875 677.0418526785714 7
stats: session 152 26102.113578947356 2640.1658502762634 37335.498 6.31 2024.9755018867936 4770
stats: users_count 0 4922
stats: finish_users_count 152 4922
stats: tr_login 155 26094.60903870966 2786.0546336143857 37333.619 4.293 2008.0846538703588 4767
stats: request 220 10716.279713636368 4818.017967223369 17255.219 0.631 436.0300539667268 14546
stats: connect 0 0 0 17.997 0.743 1.238711702559934 4922
stats: page 155 22447.58506451611 4033.2715772216384 29139.886 1.336 538.8739767777902 9689
stats: 302 60 420
stats: 200 155 841
stats: size_rcv 941233 8533795
stats: newphase 0 9
stats: 502 0 13484
stats: size_sent 38449 3057276
stats: connected -155 0
stats: 500 5 21
EndMonitor:{1637,875579,879020}
